<?xml version="1.0" encoding="UTF-8"?>
<!-- Generated by org.testng.reporters.JUnitXMLReporter -->
<testsuite ignored="0" hostname="DESKTOP-1QASA0A" failures="0" tests="4" name="Default test" time="161.959" errors="0" timestamp="2020-04-27T16:35:46 IST">
  <testcase classname="com.guru.qa.testcases.DepositPageTest" name="validateDepositTestData" time="9.54"/>
  <testcase classname="com.guru.qa.testcases.DepositPageTest" name="validateDepositTestData" time="5.592"/>
  <testcase classname="com.guru.qa.testcases.DepositPageTest" name="validateDepositTestData" time="3.727"/>
  <testcase classname="com.guru.qa.testcases.DepositPageTest" name="validateDepositTestData" time="6.392"/>
</testsuite> <!-- Default test -->
