<?xml version="1.0" encoding="UTF-8"?>
<testng-results ignored="0" total="1" passed="1" failed="0" skipped="0">
  <reporter-output>
  </reporter-output>
  <suite started-at="2020-08-26T11:32:19Z" name="Default suite" finished-at="2020-08-26T11:32:47Z" duration-ms="27289">
    <groups>
    </groups>
    <test started-at="2020-08-26T11:32:19Z" name="Default test" finished-at="2020-08-26T11:32:47Z" duration-ms="27289">
      <class name="com.guru.qa.testcases.CommonFunctionUsageTest">
        <test-method is-config="true" signature="setLog4j()[pri:0, instance:com.guru.qa.testcases.CommonFunctionUsageTest@16150369]" started-at="2020-08-26T17:02:19Z" name="setLog4j" finished-at="2020-08-26T17:02:19Z" duration-ms="43" status="PASS">
          <reporter-output>
          </reporter-output>
        </test-method> <!-- setLog4j -->
        <test-method is-config="true" signature="setUp()[pri:0, instance:com.guru.qa.testcases.CommonFunctionUsageTest@16150369]" started-at="2020-08-26T17:02:22Z" name="setUp" finished-at="2020-08-26T17:02:41Z" duration-ms="19113" status="PASS">
          <reporter-output>
          </reporter-output>
        </test-method> <!-- setUp -->
        <test-method signature="validateAutoCompleteDataFromExcel(java.lang.String)[pri:1, instance:com.guru.qa.testcases.CommonFunctionUsageTest@16150369]" started-at="2020-08-26T17:02:41Z" name="validateAutoCompleteDataFromExcel" data-provider="getAutoCompleteTestData" finished-at="2020-08-26T17:02:47Z" duration-ms="5137" status="PASS">
          <params>
            <param index="0">
              <value>
                <![CDATA[JavaScript]]>
              </value>
            </param>
          </params>
          <reporter-output>
          </reporter-output>
        </test-method> <!-- validateAutoCompleteDataFromExcel -->
        <test-method is-config="true" signature="tearDown()[pri:0, instance:com.guru.qa.testcases.CommonFunctionUsageTest@16150369]" started-at="2020-08-26T17:02:47Z" name="tearDown" finished-at="2020-08-26T17:02:47Z" duration-ms="1" status="PASS">
          <reporter-output>
          </reporter-output>
        </test-method> <!-- tearDown -->
        <test-method is-config="true" signature="endReport()[pri:0, instance:com.guru.qa.testcases.CommonFunctionUsageTest@16150369]" started-at="2020-08-26T17:02:47Z" name="endReport" finished-at="2020-08-26T17:02:47Z" duration-ms="1" status="PASS">
          <reporter-output>
          </reporter-output>
        </test-method> <!-- endReport -->
      </class> <!-- com.guru.qa.testcases.CommonFunctionUsageTest -->
    </test> <!-- Default test -->
  </suite> <!-- Default suite -->
</testng-results>
