<?xml version="1.0" encoding="UTF-8"?>
<testng-results ignored="0" total="1" passed="1" failed="0" skipped="0">
  <reporter-output>
  </reporter-output>
  <suite started-at="2020-08-20T14:38:01Z" name="Default suite" finished-at="2020-08-20T14:38:25Z" duration-ms="23819">
    <groups>
    </groups>
    <test started-at="2020-08-20T14:38:01Z" name="Default test" finished-at="2020-08-20T14:38:25Z" duration-ms="23819">
      <class name="com.guru.qa.testcases.CommonFunctionUsageTest">
        <test-method is-config="true" signature="setLog4j()[pri:0, instance:com.guru.qa.testcases.CommonFunctionUsageTest@25df00a0]" started-at="2020-08-20T20:08:01Z" name="setLog4j" finished-at="2020-08-20T20:08:01Z" duration-ms="48" status="PASS">
          <reporter-output>
          </reporter-output>
        </test-method> <!-- setLog4j -->
        <test-method is-config="true" signature="setUp()[pri:0, instance:com.guru.qa.testcases.CommonFunctionUsageTest@25df00a0]" started-at="2020-08-20T20:08:01Z" name="setUp" finished-at="2020-08-20T20:08:19Z" duration-ms="17951" status="PASS">
          <reporter-output>
          </reporter-output>
        </test-method> <!-- setUp -->
        <test-method signature="verifyAutoCompleteTest()[pri:1, instance:com.guru.qa.testcases.CommonFunctionUsageTest@25df00a0]" started-at="2020-08-20T20:08:19Z" name="verifyAutoCompleteTest" finished-at="2020-08-20T20:08:24Z" duration-ms="5014" status="PASS">
          <reporter-output>
          </reporter-output>
        </test-method> <!-- verifyAutoCompleteTest -->
        <test-method is-config="true" signature="tearDown()[pri:0, instance:com.guru.qa.testcases.CommonFunctionUsageTest@25df00a0]" started-at="2020-08-20T20:08:24Z" name="tearDown" finished-at="2020-08-20T20:08:25Z" duration-ms="735" status="PASS">
          <reporter-output>
          </reporter-output>
        </test-method> <!-- tearDown -->
        <test-method is-config="true" signature="endReport()[pri:0, instance:com.guru.qa.testcases.CommonFunctionUsageTest@25df00a0]" started-at="2020-08-20T20:08:25Z" name="endReport" finished-at="2020-08-20T20:08:25Z" duration-ms="0" status="PASS">
          <reporter-output>
          </reporter-output>
        </test-method> <!-- endReport -->
      </class> <!-- com.guru.qa.testcases.CommonFunctionUsageTest -->
    </test> <!-- Default test -->
  </suite> <!-- Default suite -->
</testng-results>
