<?xml version="1.0" encoding="UTF-8"?>
<testng-results ignored="0" total="2" passed="2" failed="0" skipped="0">
  <reporter-output>
  </reporter-output>
  <suite started-at="2020-08-31T08:26:28Z" name="Default suite" finished-at="2020-08-31T08:27:19Z" duration-ms="51424">
    <groups>
    </groups>
    <test started-at="2020-08-31T08:26:28Z" name="Default test" finished-at="2020-08-31T08:27:19Z" duration-ms="51424">
      <class name="com.guru.qa.testcases.CommonFunctionUsageTest">
        <test-method is-config="true" signature="setLog4j()[pri:0, instance:com.guru.qa.testcases.CommonFunctionUsageTest@16150369]" started-at="2020-08-31T13:56:28Z" name="setLog4j" finished-at="2020-08-31T13:56:28Z" duration-ms="79" status="PASS">
          <reporter-output>
          </reporter-output>
        </test-method> <!-- setLog4j -->
        <test-method is-config="true" signature="setUp()[pri:0, instance:com.guru.qa.testcases.CommonFunctionUsageTest@16150369]" started-at="2020-08-31T13:56:32Z" name="setUp" finished-at="2020-08-31T13:56:52Z" duration-ms="20175" status="PASS">
          <reporter-output>
          </reporter-output>
        </test-method> <!-- setUp -->
        <test-method signature="validateAutoCompleteDataFromExcel(java.lang.String)[pri:1, instance:com.guru.qa.testcases.CommonFunctionUsageTest@16150369]" started-at="2020-08-31T13:56:52Z" name="validateAutoCompleteDataFromExcel" data-provider="getAutoCompleteTestData" finished-at="2020-08-31T13:56:57Z" duration-ms="4877" status="PASS">
          <params>
            <param index="0">
              <value>
                <![CDATA[JavaScript]]>
              </value>
            </param>
          </params>
          <reporter-output>
          </reporter-output>
        </test-method> <!-- validateAutoCompleteDataFromExcel -->
        <test-method is-config="true" signature="tearDown()[pri:0, instance:com.guru.qa.testcases.CommonFunctionUsageTest@16150369]" started-at="2020-08-31T13:56:57Z" name="tearDown" finished-at="2020-08-31T13:56:57Z" duration-ms="0" status="PASS">
          <reporter-output>
          </reporter-output>
        </test-method> <!-- tearDown -->
        <test-method is-config="true" signature="setUp()[pri:0, instance:com.guru.qa.testcases.CommonFunctionUsageTest@16150369]" started-at="2020-08-31T13:56:57Z" name="setUp" finished-at="2020-08-31T13:57:15Z" duration-ms="18025" status="PASS">
          <reporter-output>
          </reporter-output>
        </test-method> <!-- setUp -->
        <test-method signature="validateAutoCompleteDataFromExcel(java.lang.String)[pri:1, instance:com.guru.qa.testcases.CommonFunctionUsageTest@16150369]" started-at="2020-08-31T13:57:15Z" name="validateAutoCompleteDataFromExcel" data-provider="getAutoCompleteTestData" finished-at="2020-08-31T13:57:19Z" duration-ms="4356" status="PASS">
          <params>
            <param index="0">
              <value>
                <![CDATA[Java]]>
              </value>
            </param>
          </params>
          <reporter-output>
          </reporter-output>
        </test-method> <!-- validateAutoCompleteDataFromExcel -->
        <test-method is-config="true" signature="tearDown()[pri:0, instance:com.guru.qa.testcases.CommonFunctionUsageTest@16150369]" started-at="2020-08-31T13:57:19Z" name="tearDown" finished-at="2020-08-31T13:57:19Z" duration-ms="1" status="PASS">
          <reporter-output>
          </reporter-output>
        </test-method> <!-- tearDown -->
        <test-method is-config="true" signature="endReport()[pri:0, instance:com.guru.qa.testcases.CommonFunctionUsageTest@16150369]" started-at="2020-08-31T13:57:19Z" name="endReport" finished-at="2020-08-31T13:57:19Z" duration-ms="0" status="PASS">
          <reporter-output>
          </reporter-output>
        </test-method> <!-- endReport -->
      </class> <!-- com.guru.qa.testcases.CommonFunctionUsageTest -->
    </test> <!-- Default test -->
  </suite> <!-- Default suite -->
</testng-results>
