<?xml version="1.0" encoding="UTF-8"?>
<testng-results ignored="0" total="2" passed="2" failed="0" skipped="0">
  <reporter-output>
  </reporter-output>
  <suite started-at="2020-08-28T13:51:52Z" name="Default suite" finished-at="2020-08-28T13:52:41Z" duration-ms="49648">
    <groups>
    </groups>
    <test started-at="2020-08-28T13:51:52Z" name="Default test" finished-at="2020-08-28T13:52:41Z" duration-ms="49648">
      <class name="com.guru.qa.testcases.CommonFunctionUsageTest">
        <test-method is-config="true" signature="setLog4j()[pri:0, instance:com.guru.qa.testcases.CommonFunctionUsageTest@16150369]" started-at="2020-08-28T19:21:52Z" name="setLog4j" finished-at="2020-08-28T19:21:52Z" duration-ms="67" status="PASS">
          <reporter-output>
          </reporter-output>
        </test-method> <!-- setLog4j -->
        <test-method is-config="true" signature="setUp()[pri:0, instance:com.guru.qa.testcases.CommonFunctionUsageTest@16150369]" started-at="2020-08-28T19:21:55Z" name="setUp" finished-at="2020-08-28T19:22:13Z" duration-ms="18075" status="PASS">
          <reporter-output>
          </reporter-output>
        </test-method> <!-- setUp -->
        <test-method signature="validateAutoCompleteDataFromExcel(java.lang.String)[pri:1, instance:com.guru.qa.testcases.CommonFunctionUsageTest@16150369]" started-at="2020-08-28T19:22:13Z" name="validateAutoCompleteDataFromExcel" data-provider="getAutoCompleteTestData" finished-at="2020-08-28T19:22:18Z" duration-ms="5296" status="PASS">
          <params>
            <param index="0">
              <value>
                <![CDATA[JavaScript]]>
              </value>
            </param>
          </params>
          <reporter-output>
          </reporter-output>
        </test-method> <!-- validateAutoCompleteDataFromExcel -->
        <test-method is-config="true" signature="tearDown()[pri:0, instance:com.guru.qa.testcases.CommonFunctionUsageTest@16150369]" started-at="2020-08-28T19:22:18Z" name="tearDown" finished-at="2020-08-28T19:22:18Z" duration-ms="1" status="PASS">
          <reporter-output>
          </reporter-output>
        </test-method> <!-- tearDown -->
        <test-method is-config="true" signature="setUp()[pri:0, instance:com.guru.qa.testcases.CommonFunctionUsageTest@16150369]" started-at="2020-08-28T19:22:18Z" name="setUp" finished-at="2020-08-28T19:22:36Z" duration-ms="18325" status="PASS">
          <reporter-output>
          </reporter-output>
        </test-method> <!-- setUp -->
        <test-method signature="validateAutoCompleteDataFromExcel(java.lang.String)[pri:1, instance:com.guru.qa.testcases.CommonFunctionUsageTest@16150369]" started-at="2020-08-28T19:22:36Z" name="validateAutoCompleteDataFromExcel" data-provider="getAutoCompleteTestData" finished-at="2020-08-28T19:22:41Z" duration-ms="4847" status="PASS">
          <params>
            <param index="0">
              <value>
                <![CDATA[Java]]>
              </value>
            </param>
          </params>
          <reporter-output>
          </reporter-output>
        </test-method> <!-- validateAutoCompleteDataFromExcel -->
        <test-method is-config="true" signature="tearDown()[pri:0, instance:com.guru.qa.testcases.CommonFunctionUsageTest@16150369]" started-at="2020-08-28T19:22:41Z" name="tearDown" finished-at="2020-08-28T19:22:41Z" duration-ms="1" status="PASS">
          <reporter-output>
          </reporter-output>
        </test-method> <!-- tearDown -->
        <test-method is-config="true" signature="endReport()[pri:0, instance:com.guru.qa.testcases.CommonFunctionUsageTest@16150369]" started-at="2020-08-28T19:22:41Z" name="endReport" finished-at="2020-08-28T19:22:41Z" duration-ms="0" status="PASS">
          <reporter-output>
          </reporter-output>
        </test-method> <!-- endReport -->
      </class> <!-- com.guru.qa.testcases.CommonFunctionUsageTest -->
    </test> <!-- Default test -->
  </suite> <!-- Default suite -->
</testng-results>
