<?xml version="1.0" encoding="UTF-8"?>
<testng-results ignored="0" total="4" passed="4" failed="0" skipped="0">
  <reporter-output>
  </reporter-output>
  <suite started-at="2020-04-27T16:33:03 IST" name="Default suite" finished-at="2020-04-27T16:35:45 IST" duration-ms="161959">
    <groups>
    </groups>
    <test started-at="2020-04-27T16:33:03 IST" name="Default test" finished-at="2020-04-27T16:35:45 IST" duration-ms="161959">
      <class name="com.guru.qa.testcases.DepositPageTest">
        <test-method is-config="true" signature="setUp()[pri:0, instance:com.guru.qa.testcases.DepositPageTest@63a65a25]" started-at="2020-04-27T16:33:08 IST" name="setUp" finished-at="2020-04-27T16:33:45 IST" duration-ms="36863" status="PASS">
          <reporter-output>
          </reporter-output>
        </test-method> <!-- setUp -->
        <test-method signature="validateDepositTestData(java.lang.String, java.lang.String, java.lang.String)[pri:1, instance:com.guru.qa.testcases.DepositPageTest@63a65a25]" started-at="2020-04-27T16:33:45 IST" name="validateDepositTestData" data-provider="getGuru99DepositTestData" finished-at="2020-04-27T16:33:54 IST" duration-ms="9540" status="PASS">
          <params>
            <param index="0">
              <value>
                <![CDATA[77687.0]]>
              </value>
            </param>
            <param index="1">
              <value>
                <![CDATA[40000.0]]>
              </value>
            </param>
            <param index="2">
              <value>
                <![CDATA[Amount 40k deposited]]>
              </value>
            </param>
          </params>
          <reporter-output>
          </reporter-output>
        </test-method> <!-- validateDepositTestData -->
        <test-method is-config="true" signature="tearDown()[pri:0, instance:com.guru.qa.testcases.DepositPageTest@63a65a25]" started-at="2020-04-27T16:33:54 IST" name="tearDown" finished-at="2020-04-27T16:33:55 IST" duration-ms="1386" status="PASS">
          <reporter-output>
          </reporter-output>
        </test-method> <!-- tearDown -->
        <test-method is-config="true" signature="setUp()[pri:0, instance:com.guru.qa.testcases.DepositPageTest@63a65a25]" started-at="2020-04-27T16:33:55 IST" name="setUp" finished-at="2020-04-27T16:34:27 IST" duration-ms="31530" status="PASS">
          <reporter-output>
          </reporter-output>
        </test-method> <!-- setUp -->
        <test-method signature="validateDepositTestData(java.lang.String, java.lang.String, java.lang.String)[pri:1, instance:com.guru.qa.testcases.DepositPageTest@63a65a25]" started-at="2020-04-27T16:34:27 IST" name="validateDepositTestData" data-provider="getGuru99DepositTestData" finished-at="2020-04-27T16:34:33 IST" duration-ms="5592" status="PASS">
          <params>
            <param index="0">
              <value>
                <![CDATA[77688.0]]>
              </value>
            </param>
            <param index="1">
              <value>
                <![CDATA[45000.0]]>
              </value>
            </param>
            <param index="2">
              <value>
                <![CDATA[Amount 45k deposited]]>
              </value>
            </param>
          </params>
          <reporter-output>
          </reporter-output>
        </test-method> <!-- validateDepositTestData -->
        <test-method is-config="true" signature="tearDown()[pri:0, instance:com.guru.qa.testcases.DepositPageTest@63a65a25]" started-at="2020-04-27T16:34:33 IST" name="tearDown" finished-at="2020-04-27T16:34:35 IST" duration-ms="2091" status="PASS">
          <reporter-output>
          </reporter-output>
        </test-method> <!-- tearDown -->
        <test-method is-config="true" signature="setUp()[pri:0, instance:com.guru.qa.testcases.DepositPageTest@63a65a25]" started-at="2020-04-27T16:34:35 IST" name="setUp" finished-at="2020-04-27T16:35:04 IST" duration-ms="28843" status="PASS">
          <reporter-output>
          </reporter-output>
        </test-method> <!-- setUp -->
        <test-method signature="validateDepositTestData(java.lang.String, java.lang.String, java.lang.String)[pri:1, instance:com.guru.qa.testcases.DepositPageTest@63a65a25]" started-at="2020-04-27T16:35:04 IST" name="validateDepositTestData" data-provider="getGuru99DepositTestData" finished-at="2020-04-27T16:35:07 IST" duration-ms="3727" status="PASS">
          <params>
            <param index="0">
              <value>
                <![CDATA[77689.0]]>
              </value>
            </param>
            <param index="1">
              <value>
                <![CDATA[50000.0]]>
              </value>
            </param>
            <param index="2">
              <value>
                <![CDATA[Amount 50k deposited]]>
              </value>
            </param>
          </params>
          <reporter-output>
          </reporter-output>
        </test-method> <!-- validateDepositTestData -->
        <test-method is-config="true" signature="tearDown()[pri:0, instance:com.guru.qa.testcases.DepositPageTest@63a65a25]" started-at="2020-04-27T16:35:07 IST" name="tearDown" finished-at="2020-04-27T16:35:09 IST" duration-ms="1556" status="PASS">
          <reporter-output>
          </reporter-output>
        </test-method> <!-- tearDown -->
        <test-method is-config="true" signature="setUp()[pri:0, instance:com.guru.qa.testcases.DepositPageTest@63a65a25]" started-at="2020-04-27T16:35:09 IST" name="setUp" finished-at="2020-04-27T16:35:38 IST" duration-ms="28831" status="PASS">
          <reporter-output>
          </reporter-output>
        </test-method> <!-- setUp -->
        <test-method signature="validateDepositTestData(java.lang.String, java.lang.String, java.lang.String)[pri:1, instance:com.guru.qa.testcases.DepositPageTest@63a65a25]" started-at="2020-04-27T16:35:38 IST" name="validateDepositTestData" data-provider="getGuru99DepositTestData" finished-at="2020-04-27T16:35:44 IST" duration-ms="6392" status="PASS">
          <params>
            <param index="0">
              <value>
                <![CDATA[77690.0]]>
              </value>
            </param>
            <param index="1">
              <value>
                <![CDATA[55000.0]]>
              </value>
            </param>
            <param index="2">
              <value>
                <![CDATA[Amount 55k deposited]]>
              </value>
            </param>
          </params>
          <reporter-output>
          </reporter-output>
        </test-method> <!-- validateDepositTestData -->
        <test-method is-config="true" signature="tearDown()[pri:0, instance:com.guru.qa.testcases.DepositPageTest@63a65a25]" started-at="2020-04-27T16:35:44 IST" name="tearDown" finished-at="2020-04-27T16:35:45 IST" duration-ms="1264" status="PASS">
          <reporter-output>
          </reporter-output>
        </test-method> <!-- tearDown -->
      </class> <!-- com.guru.qa.testcases.DepositPageTest -->
    </test> <!-- Default test -->
  </suite> <!-- Default suite -->
</testng-results>
