<?xml version="1.0" encoding="UTF-8"?>
<testng-results ignored="0" total="16" passed="14" failed="2" skipped="0">
  <reporter-output>
  </reporter-output>
  <suite started-at="2020-04-27T19:04:23 IST" name="Guru99 Banks test automation suite" finished-at="2020-04-27T19:06:56 IST" duration-ms="152827">
    <groups>
    </groups>
    <test started-at="2020-04-27T19:04:23 IST" name="Guru99 Banks Test Cases" finished-at="2020-04-27T19:06:56 IST" duration-ms="152827">
      <class name="com.guru.qa.testcases.HomePageTest">
        <test-method is-config="true" signature="setUp()[pri:0, instance:com.guru.qa.testcases.HomePageTest@3c9d0b9d]" started-at="2020-04-27T19:04:23 IST" name="setUp" finished-at="2020-04-27T19:05:02 IST" duration-ms="39144" status="PASS">
          <reporter-output>
          </reporter-output>
        </test-method> <!-- setUp -->
        <test-method signature="validateSeleniumBtnTest()[pri:1, instance:com.guru.qa.testcases.HomePageTest@3c9d0b9d]" started-at="2020-04-27T19:06:47 IST" name="validateSeleniumBtnTest" finished-at="2020-04-27T19:06:48 IST" duration-ms="392" status="PASS">
          <reporter-output>
          </reporter-output>
        </test-method> <!-- validateSeleniumBtnTest -->
        <test-method signature="validateInsPrjBtnTest()[pri:2, instance:com.guru.qa.testcases.HomePageTest@3c9d0b9d]" started-at="2020-04-27T19:06:48 IST" name="validateInsPrjBtnTest" finished-at="2020-04-27T19:06:48 IST" duration-ms="332" status="PASS">
          <reporter-output>
          </reporter-output>
        </test-method> <!-- validateInsPrjBtnTest -->
        <test-method signature="validateAgilePrjBtnTest()[pri:3, instance:com.guru.qa.testcases.HomePageTest@3c9d0b9d]" started-at="2020-04-27T19:06:48 IST" name="validateAgilePrjBtnTest" finished-at="2020-04-27T19:06:48 IST" duration-ms="234" status="PASS">
          <reporter-output>
          </reporter-output>
        </test-method> <!-- validateAgilePrjBtnTest -->
        <test-method signature="validateBankPrjBtnTest()[pri:4, instance:com.guru.qa.testcases.HomePageTest@3c9d0b9d]" started-at="2020-04-27T19:06:48 IST" name="validateBankPrjBtnTest" finished-at="2020-04-27T19:06:49 IST" duration-ms="349" status="PASS">
          <reporter-output>
          </reporter-output>
        </test-method> <!-- validateBankPrjBtnTest -->
        <test-method signature="validateSecPrjBtnTest()[pri:5, instance:com.guru.qa.testcases.HomePageTest@3c9d0b9d]" started-at="2020-04-27T19:06:49 IST" name="validateSecPrjBtnTest" finished-at="2020-04-27T19:06:49 IST" duration-ms="269" status="PASS">
          <reporter-output>
          </reporter-output>
        </test-method> <!-- validateSecPrjBtnTest -->
        <test-method signature="validateTcomPrjBtnTest()[pri:6, instance:com.guru.qa.testcases.HomePageTest@3c9d0b9d]" started-at="2020-04-27T19:06:49 IST" name="validateTcomPrjBtnTest" finished-at="2020-04-27T19:06:49 IST" duration-ms="225" status="PASS">
          <reporter-output>
          </reporter-output>
        </test-method> <!-- validateTcomPrjBtnTest -->
        <test-method signature="validatePayGatPrjBtnTest()[pri:7, instance:com.guru.qa.testcases.HomePageTest@3c9d0b9d]" started-at="2020-04-27T19:06:49 IST" name="validatePayGatPrjBtnTest" finished-at="2020-04-27T19:06:49 IST" duration-ms="238" status="PASS">
          <reporter-output>
          </reporter-output>
        </test-method> <!-- validatePayGatPrjBtnTest -->
        <test-method signature="validateNewToursPrjBtnTest()[pri:8, instance:com.guru.qa.testcases.HomePageTest@3c9d0b9d]" started-at="2020-04-27T19:06:49 IST" name="validateNewToursPrjBtnTest" finished-at="2020-04-27T19:06:50 IST" duration-ms="276" status="PASS">
          <reporter-output>
          </reporter-output>
        </test-method> <!-- validateNewToursPrjBtnTest -->
        <test-method signature="validateSEOBtnTest()[pri:9, instance:com.guru.qa.testcases.HomePageTest@3c9d0b9d]" started-at="2020-04-27T19:06:50 IST" name="validateSEOBtnTest" finished-at="2020-04-27T19:06:50 IST" duration-ms="204" status="PASS">
          <reporter-output>
          </reporter-output>
        </test-method> <!-- validateSEOBtnTest -->
        <test-method signature="clickOnNewCustomerLinkTest()[pri:10, instance:com.guru.qa.testcases.HomePageTest@3c9d0b9d]" started-at="2020-04-27T19:06:50 IST" name="clickOnNewCustomerLinkTest" finished-at="2020-04-27T19:06:53 IST" duration-ms="3598" status="PASS">
          <reporter-output>
          </reporter-output>
        </test-method> <!-- clickOnNewCustomerLinkTest -->
        <test-method signature="clickOnNewAccountPageTest()[pri:11, instance:com.guru.qa.testcases.HomePageTest@3c9d0b9d]" started-at="2020-04-27T19:06:53 IST" name="clickOnNewAccountPageTest" finished-at="2020-04-27T19:06:56 IST" duration-ms="2486" status="FAIL">
          <exception class="org.openqa.selenium.ElementClickInterceptedException">
            <message>
              <![CDATA[element click intercepted: Element <a href="addAccount.php">...</a> is not clickable at point (120, 458). Other element would receive the click: <iframe id="primis_playerSekindoSPlayer5ea6dff5bc24f" title="Primis Player Videos" scrolling="no" allowfullscreen="" style="border: none; position: fixed; bottom: 10px; width: 315px; height: 177px; box-shadow: rgba(0, 0, 0, 0.4) 1px 1px 6px 3px; border-radius: 1px; z-index: 2147483646; left: 10px;"></iframe>
  (Session info: chrome=81.0.4044.122)
Build info: version: '3.141.59', revision: 'e82be7d358', time: '2018-11-14T08:17:03'
System info: host: 'DESKTOP-1QASA0A', ip: '192.168.1.129', os.name: 'Windows 10', os.arch: 'amd64', os.version: '10.0', java.version: '14'
Driver info: org.openqa.selenium.chrome.ChromeDriver
Capabilities {acceptInsecureCerts: false, browserName: chrome, browserVersion: 81.0.4044.122, chrome: {chromedriverVersion: 80.0.3987.106 (f68069574609..., userDataDir: C:\Users\Ravindra\AppData\L...}, goog:chromeOptions: {debuggerAddress: localhost:62966}, javascriptEnabled: true, networkConnectionEnabled: false, pageLoadStrategy: normal, platform: WINDOWS, platformName: WINDOWS, proxy: Proxy(), setWindowRect: true, strictFileInteractability: false, timeouts: {implicit: 0, pageLoad: 300000, script: 30000}, unhandledPromptBehavior: dismiss and notify}
Session ID: 45a1db890aa6b847ec372ca50140debd]]>
            </message>
            <full-stacktrace>
              <![CDATA[org.openqa.selenium.ElementClickInterceptedException: element click intercepted: Element <a href="addAccount.php">...</a> is not clickable at point (120, 458). Other element would receive the click: <iframe id="primis_playerSekindoSPlayer5ea6dff5bc24f" title="Primis Player Videos" scrolling="no" allowfullscreen="" style="border: none; position: fixed; bottom: 10px; width: 315px; height: 177px; box-shadow: rgba(0, 0, 0, 0.4) 1px 1px 6px 3px; border-radius: 1px; z-index: 2147483646; left: 10px;"></iframe>
  (Session info: chrome=81.0.4044.122)
Build info: version: '3.141.59', revision: 'e82be7d358', time: '2018-11-14T08:17:03'
System info: host: 'DESKTOP-1QASA0A', ip: '192.168.1.129', os.name: 'Windows 10', os.arch: 'amd64', os.version: '10.0', java.version: '14'
Driver info: org.openqa.selenium.chrome.ChromeDriver
Capabilities {acceptInsecureCerts: false, browserName: chrome, browserVersion: 81.0.4044.122, chrome: {chromedriverVersion: 80.0.3987.106 (f68069574609..., userDataDir: C:\Users\Ravindra\AppData\L...}, goog:chromeOptions: {debuggerAddress: localhost:62966}, javascriptEnabled: true, networkConnectionEnabled: false, pageLoadStrategy: normal, platform: WINDOWS, platformName: WINDOWS, proxy: Proxy(), setWindowRect: true, strictFileInteractability: false, timeouts: {implicit: 0, pageLoad: 300000, script: 30000}, unhandledPromptBehavior: dismiss and notify}
Session ID: 45a1db890aa6b847ec372ca50140debd
at java.base/jdk.internal.reflect.NativeConstructorAccessorImpl.newInstance0(Native Method)
at java.base/jdk.internal.reflect.NativeConstructorAccessorImpl.newInstance(NativeConstructorAccessorImpl.java:62)
at java.base/jdk.internal.reflect.DelegatingConstructorAccessorImpl.newInstance(DelegatingConstructorAccessorImpl.java:45)
at java.base/java.lang.reflect.Constructor.newInstanceWithCaller(Constructor.java:500)
at java.base/java.lang.reflect.Constructor.newInstance(Constructor.java:481)
at org.openqa.selenium.remote.http.W3CHttpResponseCodec.createException(W3CHttpResponseCodec.java:187)
at org.openqa.selenium.remote.http.W3CHttpResponseCodec.decode(W3CHttpResponseCodec.java:122)
at org.openqa.selenium.remote.http.W3CHttpResponseCodec.decode(W3CHttpResponseCodec.java:49)
at org.openqa.selenium.remote.HttpCommandExecutor.execute(HttpCommandExecutor.java:158)
at org.openqa.selenium.remote.service.DriverCommandExecutor.execute(DriverCommandExecutor.java:83)
at org.openqa.selenium.remote.RemoteWebDriver.execute(RemoteWebDriver.java:552)
at org.openqa.selenium.remote.RemoteWebElement.execute(RemoteWebElement.java:285)
at org.openqa.selenium.remote.RemoteWebElement.click(RemoteWebElement.java:84)
at java.base/jdk.internal.reflect.NativeMethodAccessorImpl.invoke0(Native Method)
at java.base/jdk.internal.reflect.NativeMethodAccessorImpl.invoke(NativeMethodAccessorImpl.java:62)
at java.base/jdk.internal.reflect.DelegatingMethodAccessorImpl.invoke(DelegatingMethodAccessorImpl.java:43)
at java.base/java.lang.reflect.Method.invoke(Method.java:564)
at org.openqa.selenium.support.pagefactory.internal.LocatingElementHandler.invoke(LocatingElementHandler.java:51)
at com.sun.proxy.$Proxy14.click(Unknown Source)
at com.guru.qa.pages.HomePage.clickOnNewAccountLink(HomePage.java:115)
at com.guru.qa.testcases.HomePageTest.clickOnNewAccountPageTest(HomePageTest.java:112)
at java.base/jdk.internal.reflect.NativeMethodAccessorImpl.invoke0(Native Method)
at java.base/jdk.internal.reflect.NativeMethodAccessorImpl.invoke(NativeMethodAccessorImpl.java:62)
at java.base/jdk.internal.reflect.DelegatingMethodAccessorImpl.invoke(DelegatingMethodAccessorImpl.java:43)
at java.base/java.lang.reflect.Method.invoke(Method.java:564)
at org.testng.internal.MethodInvocationHelper.invokeMethod(MethodInvocationHelper.java:134)
at org.testng.internal.TestInvoker.invokeMethod(TestInvoker.java:597)
at org.testng.internal.TestInvoker.invokeTestMethod(TestInvoker.java:173)
at org.testng.internal.MethodRunner.runInSequence(MethodRunner.java:46)
at org.testng.internal.TestInvoker$MethodInvocationAgent.invoke(TestInvoker.java:816)
at org.testng.internal.TestInvoker.invokeTestMethods(TestInvoker.java:146)
at org.testng.internal.TestMethodWorker.invokeTestMethods(TestMethodWorker.java:146)
at org.testng.internal.TestMethodWorker.run(TestMethodWorker.java:128)
at java.base/java.util.ArrayList.forEach(ArrayList.java:1510)
at org.testng.TestRunner.privateRun(TestRunner.java:766)
at org.testng.TestRunner.run(TestRunner.java:587)
at org.testng.SuiteRunner.runTest(SuiteRunner.java:384)
at org.testng.SuiteRunner.runSequentially(SuiteRunner.java:378)
at org.testng.SuiteRunner.privateRun(SuiteRunner.java:337)
at org.testng.SuiteRunner.run(SuiteRunner.java:286)
at org.testng.SuiteRunnerWorker.runSuite(SuiteRunnerWorker.java:53)
at org.testng.SuiteRunnerWorker.run(SuiteRunnerWorker.java:96)
at org.testng.TestNG.runSuitesSequentially(TestNG.java:1187)
at org.testng.TestNG.runSuitesLocally(TestNG.java:1109)
at org.testng.TestNG.runSuites(TestNG.java:1039)
at org.testng.TestNG.run(TestNG.java:1007)
at org.testng.remote.AbstractRemoteTestNG.run(AbstractRemoteTestNG.java:115)
at org.testng.remote.RemoteTestNG.initAndRun(RemoteTestNG.java:251)
at org.testng.remote.RemoteTestNG.main(RemoteTestNG.java:77)
]]>
            </full-stacktrace>
          </exception> <!-- org.openqa.selenium.ElementClickInterceptedException -->
          <reporter-output>
          </reporter-output>
        </test-method> <!-- clickOnNewAccountPageTest -->
        <test-method signature="clickOnDepositPageTest()[pri:12, instance:com.guru.qa.testcases.HomePageTest@3c9d0b9d]" started-at="2020-04-27T19:06:56 IST" name="clickOnDepositPageTest" finished-at="2020-04-27T19:06:56 IST" duration-ms="11" status="FAIL">
          <exception class="org.openqa.selenium.NoSuchSessionException">
            <message>
              <![CDATA[Session ID is null. Using WebDriver after calling quit()?
Build info: version: '3.141.59', revision: 'e82be7d358', time: '2018-11-14T08:17:03'
System info: host: 'DESKTOP-1QASA0A', ip: '192.168.1.129', os.name: 'Windows 10', os.arch: 'amd64', os.version: '10.0', java.version: '14'
Driver info: driver.version: RemoteWebDriver]]>
            </message>
            <full-stacktrace>
              <![CDATA[org.openqa.selenium.NoSuchSessionException: Session ID is null. Using WebDriver after calling quit()?
Build info: version: '3.141.59', revision: 'e82be7d358', time: '2018-11-14T08:17:03'
System info: host: 'DESKTOP-1QASA0A', ip: '192.168.1.129', os.name: 'Windows 10', os.arch: 'amd64', os.version: '10.0', java.version: '14'
Driver info: driver.version: RemoteWebDriver
at org.openqa.selenium.remote.HttpCommandExecutor.execute(HttpCommandExecutor.java:125)
at org.openqa.selenium.remote.service.DriverCommandExecutor.execute(DriverCommandExecutor.java:83)
at org.openqa.selenium.remote.RemoteWebDriver.execute(RemoteWebDriver.java:552)
at org.openqa.selenium.remote.RemoteWebDriver.findElement(RemoteWebDriver.java:323)
at org.openqa.selenium.remote.RemoteWebDriver.findElementByCssSelector(RemoteWebDriver.java:420)
at org.openqa.selenium.By$ByCssSelector.findElement(By.java:431)
at org.openqa.selenium.remote.RemoteWebDriver.findElement(RemoteWebDriver.java:315)
at com.guru.qa.pages.HomePage.clickOnDepositLink(HomePage.java:123)
at com.guru.qa.testcases.HomePageTest.clickOnDepositPageTest(HomePageTest.java:117)
at java.base/jdk.internal.reflect.NativeMethodAccessorImpl.invoke0(Native Method)
at java.base/jdk.internal.reflect.NativeMethodAccessorImpl.invoke(NativeMethodAccessorImpl.java:62)
at java.base/jdk.internal.reflect.DelegatingMethodAccessorImpl.invoke(DelegatingMethodAccessorImpl.java:43)
at java.base/java.lang.reflect.Method.invoke(Method.java:564)
at org.testng.internal.MethodInvocationHelper.invokeMethod(MethodInvocationHelper.java:134)
at org.testng.internal.TestInvoker.invokeMethod(TestInvoker.java:597)
at org.testng.internal.TestInvoker.invokeTestMethod(TestInvoker.java:173)
at org.testng.internal.MethodRunner.runInSequence(MethodRunner.java:46)
at org.testng.internal.TestInvoker$MethodInvocationAgent.invoke(TestInvoker.java:816)
at org.testng.internal.TestInvoker.invokeTestMethods(TestInvoker.java:146)
at org.testng.internal.TestMethodWorker.invokeTestMethods(TestMethodWorker.java:146)
at org.testng.internal.TestMethodWorker.run(TestMethodWorker.java:128)
at java.base/java.util.ArrayList.forEach(ArrayList.java:1510)
at org.testng.TestRunner.privateRun(TestRunner.java:766)
at org.testng.TestRunner.run(TestRunner.java:587)
at org.testng.SuiteRunner.runTest(SuiteRunner.java:384)
at org.testng.SuiteRunner.runSequentially(SuiteRunner.java:378)
at org.testng.SuiteRunner.privateRun(SuiteRunner.java:337)
at org.testng.SuiteRunner.run(SuiteRunner.java:286)
at org.testng.SuiteRunnerWorker.runSuite(SuiteRunnerWorker.java:53)
at org.testng.SuiteRunnerWorker.run(SuiteRunnerWorker.java:96)
at org.testng.TestNG.runSuitesSequentially(TestNG.java:1187)
at org.testng.TestNG.runSuitesLocally(TestNG.java:1109)
at org.testng.TestNG.runSuites(TestNG.java:1039)
at org.testng.TestNG.run(TestNG.java:1007)
at org.testng.remote.AbstractRemoteTestNG.run(AbstractRemoteTestNG.java:115)
at org.testng.remote.RemoteTestNG.initAndRun(RemoteTestNG.java:251)
at org.testng.remote.RemoteTestNG.main(RemoteTestNG.java:77)
]]>
            </full-stacktrace>
          </exception> <!-- org.openqa.selenium.NoSuchSessionException -->
          <reporter-output>
          </reporter-output>
        </test-method> <!-- clickOnDepositPageTest -->
        <test-method is-config="true" signature="tearDown()[pri:0, instance:com.guru.qa.testcases.HomePageTest@3c9d0b9d]" started-at="2020-04-27T19:06:56 IST" name="tearDown" finished-at="2020-04-27T19:06:56 IST" duration-ms="1" status="PASS">
          <reporter-output>
          </reporter-output>
        </test-method> <!-- tearDown -->
      </class> <!-- com.guru.qa.testcases.HomePageTest -->
      <class name="com.guru.qa.testcases.LoginPageTest">
        <test-method is-config="true" signature="setUp()[pri:0, instance:com.guru.qa.testcases.LoginPageTest@43301423]" started-at="2020-04-27T19:05:03 IST" name="setUp" finished-at="2020-04-27T19:05:23 IST" duration-ms="20535" status="PASS">
          <reporter-output>
          </reporter-output>
        </test-method> <!-- setUp -->
        <test-method signature="loginPageTitleTest()[pri:1, instance:com.guru.qa.testcases.LoginPageTest@43301423]" started-at="2020-04-27T19:05:23 IST" name="loginPageTitleTest" finished-at="2020-04-27T19:05:23 IST" duration-ms="99" status="PASS">
          <reporter-output>
          </reporter-output>
        </test-method> <!-- loginPageTitleTest -->
        <test-method is-config="true" signature="tearDown()[pri:0, instance:com.guru.qa.testcases.LoginPageTest@43301423]" started-at="2020-04-27T19:05:23 IST" name="tearDown" finished-at="2020-04-27T19:05:25 IST" duration-ms="1744" status="PASS">
          <reporter-output>
          </reporter-output>
        </test-method> <!-- tearDown -->
        <test-method is-config="true" signature="setUp()[pri:0, instance:com.guru.qa.testcases.LoginPageTest@43301423]" started-at="2020-04-27T19:05:25 IST" name="setUp" finished-at="2020-04-27T19:05:53 IST" duration-ms="28147" status="PASS">
          <reporter-output>
          </reporter-output>
        </test-method> <!-- setUp -->
        <test-method signature="loginPageLogoTest()[pri:2, instance:com.guru.qa.testcases.LoginPageTest@43301423]" started-at="2020-04-27T19:05:53 IST" name="loginPageLogoTest" finished-at="2020-04-27T19:05:56 IST" duration-ms="3117" status="PASS">
          <reporter-output>
          </reporter-output>
        </test-method> <!-- loginPageLogoTest -->
        <test-method is-config="true" signature="tearDown()[pri:0, instance:com.guru.qa.testcases.LoginPageTest@43301423]" started-at="2020-04-27T19:05:56 IST" name="tearDown" finished-at="2020-04-27T19:05:58 IST" duration-ms="1257" status="PASS">
          <reporter-output>
          </reporter-output>
        </test-method> <!-- tearDown -->
        <test-method is-config="true" signature="setUp()[pri:0, instance:com.guru.qa.testcases.LoginPageTest@43301423]" started-at="2020-04-27T19:05:58 IST" name="setUp" finished-at="2020-04-27T19:06:18 IST" duration-ms="20733" status="PASS">
          <reporter-output>
          </reporter-output>
        </test-method> <!-- setUp -->
        <test-method signature="loginPageLabelTest()[pri:3, instance:com.guru.qa.testcases.LoginPageTest@43301423]" started-at="2020-04-27T19:06:18 IST" name="loginPageLabelTest" finished-at="2020-04-27T19:06:19 IST" duration-ms="185" status="PASS">
          <reporter-output>
          </reporter-output>
        </test-method> <!-- loginPageLabelTest -->
        <test-method is-config="true" signature="tearDown()[pri:0, instance:com.guru.qa.testcases.LoginPageTest@43301423]" started-at="2020-04-27T19:06:19 IST" name="tearDown" finished-at="2020-04-27T19:06:20 IST" duration-ms="1741" status="PASS">
          <reporter-output>
          </reporter-output>
        </test-method> <!-- tearDown -->
        <test-method is-config="true" signature="setUp()[pri:0, instance:com.guru.qa.testcases.LoginPageTest@43301423]" started-at="2020-04-27T19:06:20 IST" name="setUp" finished-at="2020-04-27T19:06:41 IST" duration-ms="20776" status="PASS">
          <reporter-output>
          </reporter-output>
        </test-method> <!-- setUp -->
        <test-method signature="loginTest()[pri:4, instance:com.guru.qa.testcases.LoginPageTest@43301423]" started-at="2020-04-27T19:06:41 IST" name="loginTest" finished-at="2020-04-27T19:06:46 IST" duration-ms="5000" status="PASS">
          <reporter-output>
          </reporter-output>
        </test-method> <!-- loginTest -->
        <test-method is-config="true" signature="tearDown()[pri:0, instance:com.guru.qa.testcases.LoginPageTest@43301423]" started-at="2020-04-27T19:06:46 IST" name="tearDown" finished-at="2020-04-27T19:06:47 IST" duration-ms="1081" status="PASS">
          <reporter-output>
          </reporter-output>
        </test-method> <!-- tearDown -->
      </class> <!-- com.guru.qa.testcases.LoginPageTest -->
    </test> <!-- Guru99 Banks Test Cases -->
  </suite> <!-- Guru99 Banks test automation suite -->
</testng-results>
