<?xml version="1.0" encoding="UTF-8"?>
<testng-results ignored="0" total="16" passed="15" failed="1" skipped="0">
  <reporter-output>
  </reporter-output>
  <suite started-at="2020-04-28T16:20:54 IST" name="Command line suite" finished-at="2020-04-28T16:22:57 IST" duration-ms="122695">
    <groups>
    </groups>
    <test started-at="2020-04-28T16:20:54 IST" name="Command line test" finished-at="2020-04-28T16:22:57 IST" duration-ms="122695">
      <class name="com.guru.qa.testcases.HomePageTest">
        <test-method is-config="true" signature="setUp()[pri:0, instance:com.guru.qa.testcases.HomePageTest@3e9b1010]" started-at="2020-04-28T16:20:54 IST" name="setUp" finished-at="2020-04-28T16:21:20 IST" duration-ms="25370" status="PASS">
          <reporter-output>
          </reporter-output>
        </test-method> <!-- setUp -->
        <test-method signature="validateSeleniumBtnTest()[pri:1, instance:com.guru.qa.testcases.HomePageTest@3e9b1010]" started-at="2020-04-28T16:22:52 IST" name="validateSeleniumBtnTest" finished-at="2020-04-28T16:22:52 IST" duration-ms="205" status="PASS">
          <reporter-output>
          </reporter-output>
        </test-method> <!-- validateSeleniumBtnTest -->
        <test-method signature="validateInsPrjBtnTest()[pri:2, instance:com.guru.qa.testcases.HomePageTest@3e9b1010]" started-at="2020-04-28T16:22:52 IST" name="validateInsPrjBtnTest" finished-at="2020-04-28T16:22:52 IST" duration-ms="184" status="PASS">
          <reporter-output>
          </reporter-output>
        </test-method> <!-- validateInsPrjBtnTest -->
        <test-method signature="validateAgilePrjBtnTest()[pri:3, instance:com.guru.qa.testcases.HomePageTest@3e9b1010]" started-at="2020-04-28T16:22:52 IST" name="validateAgilePrjBtnTest" finished-at="2020-04-28T16:22:52 IST" duration-ms="163" status="PASS">
          <reporter-output>
          </reporter-output>
        </test-method> <!-- validateAgilePrjBtnTest -->
        <test-method signature="validateBankPrjBtnTest()[pri:4, instance:com.guru.qa.testcases.HomePageTest@3e9b1010]" started-at="2020-04-28T16:22:52 IST" name="validateBankPrjBtnTest" finished-at="2020-04-28T16:22:52 IST" duration-ms="129" status="PASS">
          <reporter-output>
          </reporter-output>
        </test-method> <!-- validateBankPrjBtnTest -->
        <test-method signature="validateSecPrjBtnTest()[pri:5, instance:com.guru.qa.testcases.HomePageTest@3e9b1010]" started-at="2020-04-28T16:22:52 IST" name="validateSecPrjBtnTest" finished-at="2020-04-28T16:22:53 IST" duration-ms="135" status="PASS">
          <reporter-output>
          </reporter-output>
        </test-method> <!-- validateSecPrjBtnTest -->
        <test-method signature="validateTcomPrjBtnTest()[pri:6, instance:com.guru.qa.testcases.HomePageTest@3e9b1010]" started-at="2020-04-28T16:22:53 IST" name="validateTcomPrjBtnTest" finished-at="2020-04-28T16:22:53 IST" duration-ms="113" status="PASS">
          <reporter-output>
          </reporter-output>
        </test-method> <!-- validateTcomPrjBtnTest -->
        <test-method signature="validatePayGatPrjBtnTest()[pri:7, instance:com.guru.qa.testcases.HomePageTest@3e9b1010]" started-at="2020-04-28T16:22:53 IST" name="validatePayGatPrjBtnTest" finished-at="2020-04-28T16:22:53 IST" duration-ms="159" status="PASS">
          <reporter-output>
          </reporter-output>
        </test-method> <!-- validatePayGatPrjBtnTest -->
        <test-method signature="validateNewToursPrjBtnTest()[pri:8, instance:com.guru.qa.testcases.HomePageTest@3e9b1010]" started-at="2020-04-28T16:22:53 IST" name="validateNewToursPrjBtnTest" finished-at="2020-04-28T16:22:53 IST" duration-ms="117" status="PASS">
          <reporter-output>
          </reporter-output>
        </test-method> <!-- validateNewToursPrjBtnTest -->
        <test-method signature="validateSEOBtnTest()[pri:9, instance:com.guru.qa.testcases.HomePageTest@3e9b1010]" started-at="2020-04-28T16:22:53 IST" name="validateSEOBtnTest" finished-at="2020-04-28T16:22:53 IST" duration-ms="135" status="PASS">
          <reporter-output>
          </reporter-output>
        </test-method> <!-- validateSEOBtnTest -->
        <test-method signature="clickOnNewCustomerLinkTest()[pri:10, instance:com.guru.qa.testcases.HomePageTest@3e9b1010]" started-at="2020-04-28T16:22:53 IST" name="clickOnNewCustomerLinkTest" finished-at="2020-04-28T16:22:55 IST" duration-ms="2383" status="PASS">
          <reporter-output>
          </reporter-output>
        </test-method> <!-- clickOnNewCustomerLinkTest -->
        <test-method signature="clickOnNewAccountPageTest()[pri:11, instance:com.guru.qa.testcases.HomePageTest@3e9b1010]" started-at="2020-04-28T16:22:55 IST" name="clickOnNewAccountPageTest" finished-at="2020-04-28T16:22:57 IST" duration-ms="1379" status="PASS">
          <reporter-output>
          </reporter-output>
        </test-method> <!-- clickOnNewAccountPageTest -->
        <test-method signature="clickOnDepositPageTest()[pri:12, instance:com.guru.qa.testcases.HomePageTest@3e9b1010]" started-at="2020-04-28T16:22:57 IST" name="clickOnDepositPageTest" finished-at="2020-04-28T16:22:57 IST" duration-ms="340" status="FAIL">
          <exception class="org.openqa.selenium.NoSuchSessionException">
            <message>
              <![CDATA[Session ID is null. Using WebDriver after calling quit()?
Build info: version: '3.141.59', revision: 'e82be7d358', time: '2018-11-14T08:17:03'
System info: host: 'DESKTOP-1QASA0A', ip: '192.168.1.129', os.name: 'Windows 10', os.arch: 'amd64', os.version: '10.0', java.version: '14'
Driver info: driver.version: RemoteWebDriver]]>
            </message>
            <full-stacktrace>
              <![CDATA[org.openqa.selenium.NoSuchSessionException: Session ID is null. Using WebDriver after calling quit()?
Build info: version: '3.141.59', revision: 'e82be7d358', time: '2018-11-14T08:17:03'
System info: host: 'DESKTOP-1QASA0A', ip: '192.168.1.129', os.name: 'Windows 10', os.arch: 'amd64', os.version: '10.0', java.version: '14'
Driver info: driver.version: RemoteWebDriver
at org.openqa.selenium.remote.HttpCommandExecutor.execute(HttpCommandExecutor.java:125)
at org.openqa.selenium.remote.service.DriverCommandExecutor.execute(DriverCommandExecutor.java:83)
at org.openqa.selenium.remote.RemoteWebDriver.execute(RemoteWebDriver.java:552)
at org.openqa.selenium.remote.RemoteWebDriver.findElement(RemoteWebDriver.java:323)
at org.openqa.selenium.remote.RemoteWebDriver.findElementByCssSelector(RemoteWebDriver.java:420)
at org.openqa.selenium.By$ByCssSelector.findElement(By.java:431)
at org.openqa.selenium.remote.RemoteWebDriver.findElement(RemoteWebDriver.java:315)
at com.guru.qa.pages.HomePage.clickOnDepositLink(HomePage.java:123)
at com.guru.qa.testcases.HomePageTest.clickOnDepositPageTest(HomePageTest.java:117)
at java.base/jdk.internal.reflect.NativeMethodAccessorImpl.invoke0(Native Method)
at java.base/jdk.internal.reflect.NativeMethodAccessorImpl.invoke(NativeMethodAccessorImpl.java:62)
at java.base/jdk.internal.reflect.DelegatingMethodAccessorImpl.invoke(DelegatingMethodAccessorImpl.java:43)
at java.base/java.lang.reflect.Method.invoke(Method.java:564)
at org.testng.internal.MethodInvocationHelper.invokeMethod(MethodInvocationHelper.java:134)
at org.testng.internal.TestInvoker.invokeMethod(TestInvoker.java:597)
at org.testng.internal.TestInvoker.invokeTestMethod(TestInvoker.java:173)
at org.testng.internal.MethodRunner.runInSequence(MethodRunner.java:46)
at org.testng.internal.TestInvoker$MethodInvocationAgent.invoke(TestInvoker.java:816)
at org.testng.internal.TestInvoker.invokeTestMethods(TestInvoker.java:146)
at org.testng.internal.TestMethodWorker.invokeTestMethods(TestMethodWorker.java:146)
at org.testng.internal.TestMethodWorker.run(TestMethodWorker.java:128)
at java.base/java.util.ArrayList.forEach(ArrayList.java:1510)
at org.testng.TestRunner.privateRun(TestRunner.java:766)
at org.testng.TestRunner.run(TestRunner.java:587)
at org.testng.SuiteRunner.runTest(SuiteRunner.java:384)
at org.testng.SuiteRunner.runSequentially(SuiteRunner.java:378)
at org.testng.SuiteRunner.privateRun(SuiteRunner.java:337)
at org.testng.SuiteRunner.run(SuiteRunner.java:286)
at org.testng.SuiteRunnerWorker.runSuite(SuiteRunnerWorker.java:53)
at org.testng.SuiteRunnerWorker.run(SuiteRunnerWorker.java:96)
at org.testng.TestNG.runSuitesSequentially(TestNG.java:1187)
at org.testng.TestNG.runSuitesLocally(TestNG.java:1109)
at org.testng.TestNG.runSuites(TestNG.java:1039)
at org.testng.TestNG.run(TestNG.java:1007)
at com.guru.qa.testcases.TestRunner.main(TestRunner.java:14)
]]>
            </full-stacktrace>
          </exception> <!-- org.openqa.selenium.NoSuchSessionException -->
          <reporter-output>
          </reporter-output>
        </test-method> <!-- clickOnDepositPageTest -->
        <test-method is-config="true" signature="tearDown()[pri:0, instance:com.guru.qa.testcases.HomePageTest@3e9b1010]" started-at="2020-04-28T16:22:57 IST" name="tearDown" finished-at="2020-04-28T16:22:57 IST" duration-ms="1" status="PASS">
          <reporter-output>
          </reporter-output>
        </test-method> <!-- tearDown -->
      </class> <!-- com.guru.qa.testcases.HomePageTest -->
      <class name="com.guru.qa.testcases.LoginPageTest">
        <test-method is-config="true" signature="setUp()[pri:0, instance:com.guru.qa.testcases.LoginPageTest@6c3708b3]" started-at="2020-04-28T16:21:20 IST" name="setUp" finished-at="2020-04-28T16:21:39 IST" duration-ms="19346" status="PASS">
          <reporter-output>
          </reporter-output>
        </test-method> <!-- setUp -->
        <test-method signature="loginPageTitleTest()[pri:1, instance:com.guru.qa.testcases.LoginPageTest@6c3708b3]" started-at="2020-04-28T16:21:39 IST" name="loginPageTitleTest" finished-at="2020-04-28T16:21:39 IST" duration-ms="38" status="PASS">
          <reporter-output>
          </reporter-output>
        </test-method> <!-- loginPageTitleTest -->
        <test-method is-config="true" signature="tearDown()[pri:0, instance:com.guru.qa.testcases.LoginPageTest@6c3708b3]" started-at="2020-04-28T16:21:39 IST" name="tearDown" finished-at="2020-04-28T16:21:41 IST" duration-ms="1401" status="PASS">
          <reporter-output>
          </reporter-output>
        </test-method> <!-- tearDown -->
        <test-method is-config="true" signature="setUp()[pri:0, instance:com.guru.qa.testcases.LoginPageTest@6c3708b3]" started-at="2020-04-28T16:21:41 IST" name="setUp" finished-at="2020-04-28T16:22:02 IST" duration-ms="21363" status="PASS">
          <reporter-output>
          </reporter-output>
        </test-method> <!-- setUp -->
        <test-method signature="loginPageLogoTest()[pri:2, instance:com.guru.qa.testcases.LoginPageTest@6c3708b3]" started-at="2020-04-28T16:22:02 IST" name="loginPageLogoTest" finished-at="2020-04-28T16:22:03 IST" duration-ms="653" status="PASS">
          <reporter-output>
          </reporter-output>
        </test-method> <!-- loginPageLogoTest -->
        <test-method is-config="true" signature="tearDown()[pri:0, instance:com.guru.qa.testcases.LoginPageTest@6c3708b3]" started-at="2020-04-28T16:22:03 IST" name="tearDown" finished-at="2020-04-28T16:22:04 IST" duration-ms="1373" status="PASS">
          <reporter-output>
          </reporter-output>
        </test-method> <!-- tearDown -->
        <test-method is-config="true" signature="setUp()[pri:0, instance:com.guru.qa.testcases.LoginPageTest@6c3708b3]" started-at="2020-04-28T16:22:04 IST" name="setUp" finished-at="2020-04-28T16:22:26 IST" duration-ms="21561" status="PASS">
          <reporter-output>
          </reporter-output>
        </test-method> <!-- setUp -->
        <test-method signature="loginPageLabelTest()[pri:3, instance:com.guru.qa.testcases.LoginPageTest@6c3708b3]" started-at="2020-04-28T16:22:26 IST" name="loginPageLabelTest" finished-at="2020-04-28T16:22:26 IST" duration-ms="319" status="PASS">
          <reporter-output>
          </reporter-output>
        </test-method> <!-- loginPageLabelTest -->
        <test-method is-config="true" signature="tearDown()[pri:0, instance:com.guru.qa.testcases.LoginPageTest@6c3708b3]" started-at="2020-04-28T16:22:26 IST" name="tearDown" finished-at="2020-04-28T16:22:28 IST" duration-ms="1902" status="PASS">
          <reporter-output>
          </reporter-output>
        </test-method> <!-- tearDown -->
        <test-method is-config="true" signature="setUp()[pri:0, instance:com.guru.qa.testcases.LoginPageTest@6c3708b3]" started-at="2020-04-28T16:22:28 IST" name="setUp" finished-at="2020-04-28T16:22:46 IST" duration-ms="17718" status="PASS">
          <reporter-output>
          </reporter-output>
        </test-method> <!-- setUp -->
        <test-method signature="loginTest()[pri:4, instance:com.guru.qa.testcases.LoginPageTest@6c3708b3]" started-at="2020-04-28T16:22:46 IST" name="loginTest" finished-at="2020-04-28T16:22:50 IST" duration-ms="4463" status="PASS">
          <reporter-output>
          </reporter-output>
        </test-method> <!-- loginTest -->
        <test-method is-config="true" signature="tearDown()[pri:0, instance:com.guru.qa.testcases.LoginPageTest@6c3708b3]" started-at="2020-04-28T16:22:50 IST" name="tearDown" finished-at="2020-04-28T16:22:52 IST" duration-ms="1546" status="PASS">
          <reporter-output>
          </reporter-output>
        </test-method> <!-- tearDown -->
      </class> <!-- com.guru.qa.testcases.LoginPageTest -->
    </test> <!-- Command line test -->
  </suite> <!-- Command line suite -->
</testng-results>
