<?xml version="1.0" encoding="UTF-8"?>
<testng-results ignored="0" total="4" passed="4" failed="0" skipped="0">
  <reporter-output>
  </reporter-output>
  <suite started-at="2020-06-11T17:24:26 IST" name="Default suite" finished-at="2020-06-11T17:27:07 IST" duration-ms="160559">
    <groups>
    </groups>
    <test started-at="2020-06-11T17:24:26 IST" name="Default test" finished-at="2020-06-11T17:27:07 IST" duration-ms="160559">
      <class name="com.guru.qa.testcases.NewCustomerPageTest">
        <test-method is-config="true" signature="setUp()[pri:0, instance:com.guru.qa.testcases.NewCustomerPageTest@63a65a25]" started-at="2020-06-11T17:24:28 IST" name="setUp" finished-at="2020-06-11T17:24:50 IST" duration-ms="21459" status="PASS">
          <reporter-output>
          </reporter-output>
        </test-method> <!-- setUp -->
        <test-method signature="validateNewCustomerTestData(java.lang.String, java.lang.String, java.lang.String, java.lang.String, java.lang.String, java.lang.String, java.lang.String, java.lang.String, java.lang.String, java.lang.String, java.lang.String)[pri:1, instance:com.guru.qa.testcases.NewCustomerPageTest@63a65a25]" started-at="2020-06-11T17:24:50 IST" name="validateNewCustomerTestData" data-provider="getGuru99NewCustomerTestData" finished-at="2020-06-11T17:25:17 IST" duration-ms="27151" status="PASS">
          <params>
            <param index="0">
              <value>
                <![CDATA[Aman]]>
              </value>
            </param>
            <param index="1">
              <value>
                <![CDATA[m]]>
              </value>
            </param>
            <param index="2">
              <value>
                <![CDATA[01Jan]]>
              </value>
            </param>
            <param index="3">
              <value>
                <![CDATA[1985]]>
              </value>
            </param>
            <param index="4">
              <value>
                <![CDATA[Amandeep colony Patna]]>
              </value>
            </param>
            <param index="5">
              <value>
                <![CDATA[Patna]]>
              </value>
            </param>
            <param index="6">
              <value>
                <![CDATA[Bihar]]>
              </value>
            </param>
            <param index="7">
              <value>
                <![CDATA[527001]]>
              </value>
            </param>
            <param index="8">
              <value>
                <![CDATA[1234578935]]>
              </value>
            </param>
            <param index="9">
              <value>
                <![CDATA[aman9@yahoo.com]]>
              </value>
            </param>
            <param index="10">
              <value>
                <![CDATA[aman123]]>
              </value>
            </param>
          </params>
          <reporter-output>
          </reporter-output>
        </test-method> <!-- validateNewCustomerTestData -->
        <test-method is-config="true" signature="tearDown()[pri:0, instance:com.guru.qa.testcases.NewCustomerPageTest@63a65a25]" started-at="2020-06-11T17:25:17 IST" name="tearDown" finished-at="2020-06-11T17:25:19 IST" duration-ms="1911" status="PASS">
          <reporter-output>
          </reporter-output>
        </test-method> <!-- tearDown -->
        <test-method is-config="true" signature="setUp()[pri:0, instance:com.guru.qa.testcases.NewCustomerPageTest@63a65a25]" started-at="2020-06-11T17:25:19 IST" name="setUp" finished-at="2020-06-11T17:25:37 IST" duration-ms="18207" status="PASS">
          <reporter-output>
          </reporter-output>
        </test-method> <!-- setUp -->
        <test-method signature="validateNewCustomerTestData(java.lang.String, java.lang.String, java.lang.String, java.lang.String, java.lang.String, java.lang.String, java.lang.String, java.lang.String, java.lang.String, java.lang.String, java.lang.String)[pri:1, instance:com.guru.qa.testcases.NewCustomerPageTest@63a65a25]" started-at="2020-06-11T17:25:37 IST" name="validateNewCustomerTestData" data-provider="getGuru99NewCustomerTestData" finished-at="2020-06-11T17:25:53 IST" duration-ms="16373" status="PASS">
          <params>
            <param index="0">
              <value>
                <![CDATA[Sandeep]]>
              </value>
            </param>
            <param index="1">
              <value>
                <![CDATA[m]]>
              </value>
            </param>
            <param index="2">
              <value>
                <![CDATA[02Feb]]>
              </value>
            </param>
            <param index="3">
              <value>
                <![CDATA[1981]]>
              </value>
            </param>
            <param index="4">
              <value>
                <![CDATA[Sandeep colony gurgaon]]>
              </value>
            </param>
            <param index="5">
              <value>
                <![CDATA[Noida]]>
              </value>
            </param>
            <param index="6">
              <value>
                <![CDATA[UttarPradesh]]>
              </value>
            </param>
            <param index="7">
              <value>
                <![CDATA[985001]]>
              </value>
            </param>
            <param index="8">
              <value>
                <![CDATA[9876542106]]>
              </value>
            </param>
            <param index="9">
              <value>
                <![CDATA[sandeep9@gmail.com]]>
              </value>
            </param>
            <param index="10">
              <value>
                <![CDATA[sandeep123]]>
              </value>
            </param>
          </params>
          <reporter-output>
          </reporter-output>
        </test-method> <!-- validateNewCustomerTestData -->
        <test-method is-config="true" signature="tearDown()[pri:0, instance:com.guru.qa.testcases.NewCustomerPageTest@63a65a25]" started-at="2020-06-11T17:25:53 IST" name="tearDown" finished-at="2020-06-11T17:25:55 IST" duration-ms="1207" status="PASS">
          <reporter-output>
          </reporter-output>
        </test-method> <!-- tearDown -->
        <test-method is-config="true" signature="setUp()[pri:0, instance:com.guru.qa.testcases.NewCustomerPageTest@63a65a25]" started-at="2020-06-11T17:25:55 IST" name="setUp" finished-at="2020-06-11T17:26:21 IST" duration-ms="26671" status="PASS">
          <reporter-output>
          </reporter-output>
        </test-method> <!-- setUp -->
        <test-method signature="validateNewCustomerTestData(java.lang.String, java.lang.String, java.lang.String, java.lang.String, java.lang.String, java.lang.String, java.lang.String, java.lang.String, java.lang.String, java.lang.String, java.lang.String)[pri:1, instance:com.guru.qa.testcases.NewCustomerPageTest@63a65a25]" started-at="2020-06-11T17:26:21 IST" name="validateNewCustomerTestData" data-provider="getGuru99NewCustomerTestData" finished-at="2020-06-11T17:26:33 IST" duration-ms="11203" status="PASS">
          <params>
            <param index="0">
              <value>
                <![CDATA[Juney]]>
              </value>
            </param>
            <param index="1">
              <value>
                <![CDATA[f]]>
              </value>
            </param>
            <param index="2">
              <value>
                <![CDATA[03Mar]]>
              </value>
            </param>
            <param index="3">
              <value>
                <![CDATA[1982]]>
              </value>
            </param>
            <param index="4">
              <value>
                <![CDATA[toronto 686 Bay Street]]>
              </value>
            </param>
            <param index="5">
              <value>
                <![CDATA[Toronto]]>
              </value>
            </param>
            <param index="6">
              <value>
                <![CDATA[Ontario]]>
              </value>
            </param>
            <param index="7">
              <value>
                <![CDATA[200031]]>
              </value>
            </param>
            <param index="8">
              <value>
                <![CDATA[3692814707]]>
              </value>
            </param>
            <param index="9">
              <value>
                <![CDATA[juney9@cibc.com]]>
              </value>
            </param>
            <param index="10">
              <value>
                <![CDATA[juney123]]>
              </value>
            </param>
          </params>
          <reporter-output>
          </reporter-output>
        </test-method> <!-- validateNewCustomerTestData -->
        <test-method is-config="true" signature="tearDown()[pri:0, instance:com.guru.qa.testcases.NewCustomerPageTest@63a65a25]" started-at="2020-06-11T17:26:33 IST" name="tearDown" finished-at="2020-06-11T17:26:34 IST" duration-ms="1244" status="PASS">
          <reporter-output>
          </reporter-output>
        </test-method> <!-- tearDown -->
        <test-method is-config="true" signature="setUp()[pri:0, instance:com.guru.qa.testcases.NewCustomerPageTest@63a65a25]" started-at="2020-06-11T17:26:34 IST" name="setUp" finished-at="2020-06-11T17:26:50 IST" duration-ms="15904" status="PASS">
          <reporter-output>
          </reporter-output>
        </test-method> <!-- setUp -->
        <test-method signature="validateNewCustomerTestData(java.lang.String, java.lang.String, java.lang.String, java.lang.String, java.lang.String, java.lang.String, java.lang.String, java.lang.String, java.lang.String, java.lang.String, java.lang.String)[pri:1, instance:com.guru.qa.testcases.NewCustomerPageTest@63a65a25]" started-at="2020-06-11T17:26:50 IST" name="validateNewCustomerTestData" data-provider="getGuru99NewCustomerTestData" finished-at="2020-06-11T17:27:05 IST" duration-ms="15477" status="PASS">
          <params>
            <param index="0">
              <value>
                <![CDATA[Maria]]>
              </value>
            </param>
            <param index="1">
              <value>
                <![CDATA[f]]>
              </value>
            </param>
            <param index="2">
              <value>
                <![CDATA[04Apr]]>
              </value>
            </param>
            <param index="3">
              <value>
                <![CDATA[1983]]>
              </value>
            </param>
            <param index="4">
              <value>
                <![CDATA[white house Central Park]]>
              </value>
            </param>
            <param index="5">
              <value>
                <![CDATA[Newyork]]>
              </value>
            </param>
            <param index="6">
              <value>
                <![CDATA[NewYork]]>
              </value>
            </param>
            <param index="7">
              <value>
                <![CDATA[840001]]>
              </value>
            </param>
            <param index="8">
              <value>
                <![CDATA[7412589308]]>
              </value>
            </param>
            <param index="9">
              <value>
                <![CDATA[maria9@hotmail.com]]>
              </value>
            </param>
            <param index="10">
              <value>
                <![CDATA[maria123]]>
              </value>
            </param>
          </params>
          <reporter-output>
          </reporter-output>
        </test-method> <!-- validateNewCustomerTestData -->
        <test-method is-config="true" signature="tearDown()[pri:0, instance:com.guru.qa.testcases.NewCustomerPageTest@63a65a25]" started-at="2020-06-11T17:27:05 IST" name="tearDown" finished-at="2020-06-11T17:27:07 IST" duration-ms="1293" status="PASS">
          <reporter-output>
          </reporter-output>
        </test-method> <!-- tearDown -->
      </class> <!-- com.guru.qa.testcases.NewCustomerPageTest -->
    </test> <!-- Default test -->
  </suite> <!-- Default suite -->
</testng-results>
